[    0.000000] Linux version 4.15.0-191-generic (buildd@lcy02-amd64-032) (gcc version 7.5.0 (Ubuntu 7.5.0-3ubuntu1~18.04)) #202-Ubuntu SMP Thu Aug 4 01:49:29 UTC 2022 (Ubuntu 4.15.0-191.202-generic 4.15.18)
[    0.000000] Command line: BOOT_IMAGE=/boot/vmlinuz-4.15.0-191-generic root=LABEL=cloudimg-rootfs ro console=tty1 console=ttyS0
[    0.000000] KERNEL supported cpus:
[    0.000000]   Intel GenuineIntel
[    0.000000]   AMD AuthenticAMD
[    0.000000]   Centaur CentaurHauls
[    0.000000] x86/fpu: Supporting XSAVE feature 0x001: 'x87 floating point registers'
[    0.000000] x86/fpu: Supporting XSAVE feature 0x002: 'SSE registers'
[    0.000000] x86/fpu: Supporting XSAVE feature 0x004: 'AVX registers'
[    0.000000] x86/fpu: xstate_offset[2]:  576, xstate_sizes[2]:  256
[    0.000000] x86/fpu: Enabled xstate features 0x7, context size is 832 bytes, using 'standard' format.
[    0.000000] e820: BIOS-provided physical RAM map:
[    0.000000] BIOS-e820: [mem 0x0000000000000000-0x000000000009fbff] usable
[    0.000000] BIOS-e820: [mem 0x000000000009fc00-0x000000000009ffff] reserved
[    0.000000] BIOS-e820: [mem 0x00000000000f0000-0x00000000000fffff] reserved
[    0.000000] BIOS-e820: [mem 0x0000000000100000-0x000000003ffeffff] usable
[    0.000000] BIOS-e820: [mem 0x000000003fff0000-0x000000003fffffff] ACPI data
[    0.000000] BIOS-e820: [mem 0x00000000fec00000-0x00000000fec00fff] reserved
[    0.000000] BIOS-e820: [mem 0x00000000fee00000-0x00000000fee00fff] reserved
[    0.000000] BIOS-e820: [mem 0x00000000fffc0000-0x00000000ffffffff] reserved
[    0.000000] NX (Execute Disable) protection: active
[    0.000000] SMBIOS 2.5 present.
[    0.000000] DMI: innotek GmbH VirtualBox/VirtualBox, BIOS VirtualBox 12/01/2006
[    0.000000] Hypervisor detected: KVM
[    0.000000] e820: last_pfn = 0x3fff0 max_arch_pfn = 0x400000000
[    0.000000] MTRR: Disabled
[    0.000000] x86/PAT: MTRRs disabled, skipping PAT initialization too.
[    0.000000] CPU MTRRs all blank - virtualized system.
[    0.000000] x86/PAT: Configuration [0-7]: WB  WT  UC- UC  WB  WT  UC- UC  
[    0.000000] found SMP MP-table at [mem 0x0009fff0-0x0009ffff]
[    0.000000] Scanning 1 areas for low memory corruption
[    0.000000] RAMDISK: [mem 0x359cb000-0x36cdcfff]
[    0.000000] ACPI: Early table checksum verification disabled
[    0.000000] ACPI: RSDP 0x00000000000E0000 000024 (v02 VBOX  )
[    0.000000] ACPI: XSDT 0x000000003FFF0030 00003C (v01 VBOX   VBOXXSDT 00000001 ASL  00000061)
[    0.000000] ACPI: FACP 0x000000003FFF00F0 0000F4 (v04 VBOX   VBOXFACP 00000001 ASL  00000061)
[    0.000000] ACPI: DSDT 0x000000003FFF0470 002325 (v02 VBOX   VBOXBIOS 00000002 INTL 20200925)
[    0.000000] ACPI: FACS 0x000000003FFF0200 000040
[    0.000000] ACPI: FACS 0x000000003FFF0200 000040
[    0.000000] ACPI: APIC 0x000000003FFF0240 00005C (v02 VBOX   VBOXAPIC 00000001 ASL  00000061)
[    0.000000] ACPI: SSDT 0x000000003FFF02A0 0001CC (v01 VBOX   VBOXCPUT 00000002 INTL 20200925)
[    0.000000] ACPI: Reserving FACP table memory at [mem 0x3fff00f0-0x3fff01e3]
[    0.000000] ACPI: Reserving DSDT table memory at [mem 0x3fff0470-0x3fff2794]
[    0.000000] ACPI: Reserving FACS table memory at [mem 0x3fff0200-0x3fff023f]
[    0.000000] ACPI: Reserving FACS table memory at [mem 0x3fff0200-0x3fff023f]
[    0.000000] ACPI: Reserving APIC table memory at [mem 0x3fff0240-0x3fff029b]
[    0.000000] ACPI: Reserving SSDT table memory at [mem 0x3fff02a0-0x3fff046b]
[    0.000000] No NUMA configuration found
[    0.000000] Faking a node at [mem 0x0000000000000000-0x000000003ffeffff]
[    0.000000] NODE_DATA(0) allocated [mem 0x3ffc5000-0x3ffeffff]
[    0.000000] kvm-clock: cpu 0, msr 0:3ff44001, primary cpu clock
[    0.000000] kvm-clock: Using msrs 4b564d01 and 4b564d00
[    0.000000] kvm-clock: using sched offset of 3408183088 cycles
[    0.000000] clocksource: kvm-clock: mask: 0xffffffffffffffff max_cycles: 0x1cd42e4dffb, max_idle_ns: 881590591483 ns
[    0.000000] Zone ranges:
[    0.000000]   DMA      [mem 0x0000000000001000-0x0000000000ffffff]
[    0.000000]   DMA32    [mem 0x0000000001000000-0x000000003ffeffff]
[    0.000000]   Normal   empty
[    0.000000]   Device   empty
[    0.000000] Movable zone start for each node
[    0.000000] Early memory node ranges
[    0.000000]   node   0: [mem 0x0000000000001000-0x000000000009efff]
[    0.000000]   node   0: [mem 0x0000000000100000-0x000000003ffeffff]
[    0.000000] Reserved but unavailable: 104 pages
[    0.000000] Initmem setup node 0 [mem 0x0000000000001000-0x000000003ffeffff]
[    0.000000] ACPI: PM-Timer IO Port: 0x4008
[    0.000000] IOAPIC[0]: apic_id 2, version 32, address 0xfec00000, GSI 0-23
[    0.000000] ACPI: INT_SRC_OVR (bus 0 bus_irq 0 global_irq 2 dfl dfl)
[    0.000000] ACPI: INT_SRC_OVR (bus 0 bus_irq 9 global_irq 9 low level)
[    0.000000] Using ACPI (MADT) for SMP configuration information
[    0.000000] smpboot: Allowing 2 CPUs, 0 hotplug CPUs
[    0.000000] PM: Registered nosave memory: [mem 0x00000000-0x00000fff]
[    0.000000] PM: Registered nosave memory: [mem 0x0009f000-0x0009ffff]
[    0.000000] PM: Registered nosave memory: [mem 0x000a0000-0x000effff]
[    0.000000] PM: Registered nosave memory: [mem 0x000f0000-0x000fffff]
[    0.000000] e820: [mem 0x40000000-0xfebfffff] available for PCI devices
[    0.000000] Booting paravirtualized kernel on KVM
[    0.000000] clocksource: refined-jiffies: mask: 0xffffffff max_cycles: 0xffffffff, max_idle_ns: 7645519600211568 ns
[    0.000000] random: get_random_bytes called from start_kernel+0x99/0x500 with crng_init=0
[    0.000000] setup_percpu: NR_CPUS:8192 nr_cpumask_bits:2 nr_cpu_ids:2 nr_node_ids:1
[    0.000000] percpu: Embedded 50 pages/cpu s167936 r8192 d28672 u1048576
[    0.000000] PV qspinlock hash table entries: 256 (order: 0, 4096 bytes)
[    0.000000] Built 1 zonelists, mobility grouping on.  Total pages: 257913
[    0.000000] Policy zone: DMA32
[    0.000000] Kernel command line: BOOT_IMAGE=/boot/vmlinuz-4.15.0-191-generic root=LABEL=cloudimg-rootfs ro console=tty1 console=ttyS0
[    0.000000] Memory: 982648K/1048120K available (12300K kernel code, 2484K rwdata, 4324K rodata, 2468K init, 2724K bss, 65472K reserved, 0K cma-reserved)
[    0.000000] SLUB: HWalign=64, Order=0-3, MinObjects=0, CPUs=2, Nodes=1
[    0.000000] Kernel/User page tables isolation: enabled
[    0.000000] ftrace: allocating 39485 entries in 155 pages
[    0.004000] Hierarchical RCU implementation.
[    0.004000] 	RCU restricting CPUs from NR_CPUS=8192 to nr_cpu_ids=2.
[    0.004000] 	Tasks RCU enabled.
[    0.004000] RCU: Adjusting geometry for rcu_fanout_leaf=16, nr_cpu_ids=2
[    0.004000] NR_IRQS: 524544, nr_irqs: 440, preallocated irqs: 16
[    0.004000] Console: colour VGA+ 80x25
[    0.004000] console [tty1] enabled
[    0.004000] console [ttyS0] enabled
[    0.004000] ACPI: Core revision 20170831
[    0.004000] ACPI: 2 ACPI AML tables successfully acquired and loaded
[    0.004000] APIC: Switch to symmetric I/O mode setup
[    0.004000] x2apic enabled
[    0.004000] Switched APIC routing to physical x2apic.
[    0.004000] ..TIMER: vector=0x30 apic1=0 pin1=2 apic2=-1 pin2=-1
[    0.004003] tsc: Detected 2999.998 MHz processor
[    0.004812] Calibrating delay loop (skipped) preset value.. 5999.99 BogoMIPS (lpj=11999992)
[    0.005472] pid_max: default: 32768 minimum: 301
[    0.008035] Security Framework initialized
[    0.008766] Yama: becoming mindful.
[    0.009475] AppArmor: AppArmor initialized
[    0.011099] Dentry cache hash table entries: 131072 (order: 8, 1048576 bytes)
[    0.012060] Inode-cache hash table entries: 65536 (order: 7, 524288 bytes)
[    0.013117] Mount-cache hash table entries: 2048 (order: 2, 16384 bytes)
[    0.014178] Mountpoint-cache hash table entries: 2048 (order: 2, 16384 bytes)
[    0.015530] Last level iTLB entries: 4KB 128, 2MB 8, 4MB 8
[    0.016002] Last level dTLB entries: 4KB 64, 2MB 0, 4MB 0, 1GB 4
[    0.016962] Spectre V1 : Mitigation: usercopy/swapgs barriers and __user pointer sanitization
[    0.018340] Spectre V2 : Mitigation: Retpolines
[    0.019060] Spectre V2 : Spectre v2 / SpectreRSB mitigation: Filling RSB on context switch
[    0.020001] Speculative Store Bypass: Vulnerable
[    0.020899] MDS: Mitigation: Clear CPU buffers
[    0.021634] MMIO Stale Data: Mitigation: Clear CPU buffers
[    0.022649] SRBDS: Unknown: Dependent on hypervisor status
[    0.024231] Freeing SMP alternatives memory: 36K
[    0.136196] smpboot: CPU0: Intel(R) Core(TM) i5-9500 CPU @ 3.00GHz (family: 0x6, model: 0x9e, stepping: 0xa)
[    0.137804] Performance Events: unsupported p6 CPU model 158 no PMU driver, software events only.
[    0.139285] Hierarchical SRCU implementation.
[    0.140581] NMI watchdog: Perf event create on CPU 0 failed with -2
[    0.141624] NMI watchdog: Perf NMI watchdog permanently disabled
[    0.142609] smp: Bringing up secondary CPUs ...
[    0.143451] x86: Booting SMP configuration:
[    0.144002] .... node  #0, CPUs:      #1
[    0.004000] kvm-clock: cpu 1, msr 0:3ff44041, secondary cpu clock
[    0.147415] smp: Brought up 1 node, 2 CPUs
[    0.148003] smpboot: Max logical packages: 1
[    0.148734] smpboot: Total of 2 processors activated (11999.99 BogoMIPS)
[    0.149927] devtmpfs: initialized
[    0.149927] x86/mm: Memory block size: 128MB
[    0.152050] evm: security.selinux
[    0.152632] evm: security.SMACK64
[    0.153213] evm: security.SMACK64EXEC
[    0.153863] evm: security.SMACK64TRANSMUTE
[    0.154572] evm: security.SMACK64MMAP
[    0.155276] evm: security.apparmor
[    0.155856] evm: security.ima
[    0.156002] evm: security.capability
[    0.156655] clocksource: jiffies: mask: 0xffffffff max_cycles: 0xffffffff, max_idle_ns: 7645041785100000 ns
[    0.157620] futex hash table entries: 512 (order: 3, 32768 bytes)
[    0.158749] pinctrl core: initialized pinctrl subsystem
[    0.160854] RTC time: 22:40:38, date: 08/21/22
[    0.161798] NET: Registered protocol family 16
[    0.162652] audit: initializing netlink subsys (disabled)
[    0.164029] audit: type=2000 audit(1661121643.958:1): state=initialized audit_enabled=0 res=1
[    0.165388] cpuidle: using governor ladder
[    0.165388] cpuidle: using governor menu
[    0.165394] ACPI: bus type PCI registered
[    0.166110] acpiphp: ACPI Hot Plug PCI Controller Driver version: 0.5
[    0.168080] PCI: Using configuration type 1 for base access
[    0.169018] HugeTLB registered 2.00 MiB page size, pre-allocated 0 pages
[    0.172053] ACPI: Added _OSI(Module Device)
[    0.172772] ACPI: Added _OSI(Processor Device)
[    0.173546] ACPI: Added _OSI(3.0 _SCP Extensions)
[    0.174376] ACPI: Added _OSI(Processor Aggregator Device)
[    0.175238] ACPI: Added _OSI(Linux-Dell-Video)
[    0.176003] ACPI: Added _OSI(Linux-Lenovo-NV-HDMI-Audio)
[    0.176853] ACPI: Added _OSI(Linux-HPI-Hybrid-Graphics)
[    0.177938] ACPI: Executed 1 blocks of module-level executable AML code
[    0.182497] ACPI: Interpreter enabled
[    0.183140] ACPI: (supports S0 S5)
[    0.183779] ACPI: Using IOAPIC for interrupt routing
[    0.184225] PCI: Using host bridge windows from ACPI; if necessary, use "pci=nocrs" and report a bug
[    0.185870] ACPI: Enabled 2 GPEs in block 00 to 07
[    0.192549] ACPI: PCI Root Bridge [PCI0] (domain 0000 [bus 00-ff])
[    0.193523] acpi PNP0A03:00: _OSC: OS supports [ASPM ClockPM Segments MSI]
[    0.195076] acpi PNP0A03:00: _OSC: not requesting OS control; OS requires [ExtendedConfig ASPM ClockPM MSI]
[    0.196009] acpi PNP0A03:00: fail to add MMCONFIG information, can't access extended PCI configuration space under this bridge.
[    0.198147] PCI host bridge to bus 0000:00
[    0.198877] pci_bus 0000:00: root bus resource [io  0x0000-0x0cf7 window]
[    0.200002] pci_bus 0000:00: root bus resource [io  0x0d00-0xffff window]
[    0.201063] pci_bus 0000:00: root bus resource [mem 0x000a0000-0x000bffff window]
[    0.204002] pci_bus 0000:00: root bus resource [mem 0x40000000-0xfdffffff window]
[    0.205236] pci_bus 0000:00: root bus resource [bus 00-ff]
[    0.208118] pci 0000:00:01.1: legacy IDE quirk: reg 0x10: [io  0x01f0-0x01f7]
[    0.209275] pci 0000:00:01.1: legacy IDE quirk: reg 0x14: [io  0x03f6]
[    0.210556] pci 0000:00:01.1: legacy IDE quirk: reg 0x18: [io  0x0170-0x0177]
[    0.211797] pci 0000:00:01.1: legacy IDE quirk: reg 0x1c: [io  0x0376]
[    0.222689] pci 0000:00:07.0: quirk: [io  0x4000-0x403f] claimed by PIIX4 ACPI
[    0.224023] pci 0000:00:07.0: quirk: [io  0x4100-0x410f] claimed by PIIX4 SMB
[    0.232371] ACPI: PCI Interrupt Link [LNKA] (IRQs 5 9 10 *11)
[    0.233644] ACPI: PCI Interrupt Link [LNKB] (IRQs 5 9 *10 11)
[    0.234652] ACPI: PCI Interrupt Link [LNKC] (IRQs 5 *9 10 11)
[    0.235650] ACPI: PCI Interrupt Link [LNKD] (IRQs 5 9 10 *11)
[    0.236309] SCSI subsystem initialized
[    0.236987] pci 0000:00:02.0: vgaarb: setting as boot VGA device
[    0.236987] pci 0000:00:02.0: vgaarb: VGA device added: decodes=io+mem,owns=io+mem,locks=none
[    0.240009] pci 0000:00:02.0: vgaarb: bridge control possible
[    0.240973] vgaarb: loaded
[    0.241500] ACPI: bus type USB registered
[    0.242159] usbcore: registered new interface driver usbfs
[    0.243041] usbcore: registered new interface driver hub
[    0.243940] usbcore: registered new device driver usb
[    0.244048] EDAC MC: Ver: 3.0.0
[    0.244752] PCI: Using ACPI for IRQ routing
[    0.244929] NetLabel: Initializing
[    0.245527] NetLabel:  domain hash size = 128
[    0.248006] NetLabel:  protocols = UNLABELED CIPSOv4 CALIPSO
[    0.248953] NetLabel:  unlabeled traffic allowed by default
[    0.249889] clocksource: Switched to clocksource kvm-clock
[    0.259020] VFS: Disk quotas dquot_6.6.0
[    0.259809] VFS: Dquot-cache hash table entries: 512 (order 0, 4096 bytes)
[    0.261071] AppArmor: AppArmor Filesystem Enabled
[    0.261896] pnp: PnP ACPI init
[    0.263381] pnp: PnP ACPI: found 3 devices
[    0.271524] clocksource: acpi_pm: mask: 0xffffff max_cycles: 0xffffff, max_idle_ns: 2085701024 ns
[    0.273378] NET: Registered protocol family 2
[    0.274154] IP idents hash table entries: 16384 (order: 5, 131072 bytes)
[    0.276104] TCP established hash table entries: 8192 (order: 4, 65536 bytes)
[    0.277294] TCP bind hash table entries: 8192 (order: 5, 131072 bytes)
[    0.278380] TCP: Hash tables configured (established 8192 bind 8192)
[    0.279407] UDP hash table entries: 512 (order: 2, 16384 bytes)
[    0.280489] UDP-Lite hash table entries: 512 (order: 2, 16384 bytes)
[    0.281541] NET: Registered protocol family 1
[    0.282284] pci 0000:00:00.0: Limiting direct PCI/PCI transfers
[    0.283261] pci 0000:00:01.0: Activating ISA DMA hang workarounds
[    0.284279] pci 0000:00:02.0: Video device with shadowed ROM at [mem 0x000c0000-0x000dffff]
[    0.285646] Unpacking initramfs...
[    0.503340] Freeing initrd memory: 19528K
[    0.504206] clocksource: tsc: mask: 0xffffffffffffffff max_cycles: 0x2b3e43c8763, max_idle_ns: 440795360101 ns
[    0.505868] platform rtc_cmos: registered platform RTC device (no PNP device found)
[    0.507210] Scanning for low memory corruption every 60 seconds
[    0.508797] Initialise system trusted keyrings
[    0.509761] Key type blacklist registered
[    0.510710] workingset: timestamp_bits=36 max_order=18 bucket_order=0
[    0.512689] zbud: loaded
[    0.513644] squashfs: version 4.0 (2009/01/31) Phillip Lougher
[    0.514759] fuse init (API version 7.26)
[    0.516738] Key type asymmetric registered
[    0.517427] Asymmetric key parser 'x509' registered
[    0.518230] Block layer SCSI generic (bsg) driver version 0.4 loaded (major 246)
[    0.519495] io scheduler noop registered
[    0.520248] io scheduler deadline registered
[    0.521020] io scheduler cfq registered (default)
[    0.522343] ACPI: AC Adapter [AC] (on-line)
[    0.523146] input: Power Button as /devices/LNXSYSTM:00/LNXPWRBN:00/input/input0
[    0.524556] ACPI: Power Button [PWRF]
[    0.525287] input: Sleep Button as /devices/LNXSYSTM:00/LNXSLPBN:00/input/input1
[    0.526580] ACPI: Sleep Button [SLPF]
[    0.527594] Serial: 8250/16550 driver, 32 ports, IRQ sharing enabled
[    0.549258] 00:02: ttyS0 at I/O 0x3f8 (irq = 4, base_baud = 115200) is a 16550A
[    0.552509] Linux agpgart interface v0.103
[    0.554504] loop: module loaded
[    0.555506] scsi host0: ata_piix
[    0.556154] scsi host1: ata_piix
[    0.556795] ata1: PATA max UDMA/33 cmd 0x1f0 ctl 0x3f6 bmdma 0xd000 irq 14
[    0.557974] ata2: PATA max UDMA/33 cmd 0x170 ctl 0x376 bmdma 0xd008 irq 15
[    0.559246] tun: Universal TUN/TAP device driver, 1.6
[    0.560228] PPP generic driver version 2.4.2
[    0.561079] ehci_hcd: USB 2.0 'Enhanced' Host Controller (EHCI) Driver
[    0.562106] ehci-pci: EHCI PCI platform driver
[    0.562919] ehci-platform: EHCI generic platform driver
[    0.563805] ohci_hcd: USB 1.1 'Open' Host Controller (OHCI) Driver
[    0.564875] ohci-pci: OHCI PCI platform driver
[    0.565660] ohci-platform: OHCI generic platform driver
[    0.566612] uhci_hcd: USB Universal Host Controller Interface driver
[    0.567649] i8042: PNP: PS/2 Controller [PNP0303:PS2K,PNP0f03:PS2M] at 0x60,0x64 irq 1,12
[    0.569521] serio: i8042 KBD port at 0x60,0x64 irq 1
[    0.570412] serio: i8042 AUX port at 0x60,0x64 irq 12
[    0.571518] mousedev: PS/2 mouse device common for all mice
[    0.573117] input: AT Translated Set 2 keyboard as /devices/platform/i8042/serio0/input/input2
[    0.574785] rtc_cmos rtc_cmos: rtc core: registered rtc_cmos as rtc0
[    0.575901] rtc_cmos rtc_cmos: alarms up to one day, 114 bytes nvram
[    0.576938] i2c /dev entries driver
[    0.577641] device-mapper: uevent: version 1.0.3
[    0.578517] device-mapper: ioctl: 4.37.0-ioctl (2017-09-20) initialised: dm-devel@redhat.com
[    0.580052] ledtrig-cpu: registered to indicate activity on CPUs
[    0.581318] NET: Registered protocol family 10
[    0.585161] Segment Routing with IPv6
[    0.585811] NET: Registered protocol family 17
[    0.586580] Key type dns_resolver registered
[    0.587619] mce: Using 0 MCE banks
[    0.588237] RAS: Correctable Errors collector initialized.
[    0.589105] sched_clock: Marking stable (588218278, 0)->(740487973, -152269695)
[    0.590747] registered taskstats version 1
[    0.591500] Loading compiled-in X.509 certificates
[    0.594290] Loaded X.509 cert 'Build time autogenerated kernel key: c22b55fccca0ab4a1b471e83eb5a5035df964114'
[    0.596267] Loaded X.509 cert 'Canonical Ltd. Live Patch Signing: 14df34d1a87cf37625abec039ef2bf521249b969'
[    0.598218] Loaded X.509 cert 'Canonical Ltd. Kernel Module Signing: 88f752e560a1e0737e31163a466ad7b70a850c19'
[    0.599812] blacklist: Loading compiled-in revocation X.509 certificates
[    0.600939] Loaded X.509 cert 'Canonical Ltd. Secure Boot Signing: 61482aa2830d0ab2ad5af10b7250da9033ddcef0'
[    0.602498] zswap: loaded using pool lzo/zbud
[    0.606121] Key type big_key registered
[    0.606840] Key type trusted registered
[    0.609635] Key type encrypted registered
[    0.610376] AppArmor: AppArmor sha1 policy hashing enabled
[    0.611321] ima: No TPM chip found, activating TPM-bypass! (rc=-19)
[    0.612333] ima: Allocated hash algorithm: sha1
[    0.613098] evm: HMAC attrs: 0x1
[    0.613940]   Magic number: 2:60:705
[    0.614697] rtc_cmos rtc_cmos: setting system clock to 2022-08-21 22:40:39 UTC (1661121639)
[    0.616142] BIOS EDD facility v0.16 2004-Jun-25, 0 devices found
[    0.617119] EDD information not available.
[    0.774266] Freeing unused kernel image memory: 2468K
[    1.144288] Write protecting the kernel read-only data: 20480k
[    1.150821] Freeing unused kernel image memory: 2008K
[    1.155957] Freeing unused kernel image memory: 1820K
[    1.186320] x86/mm: Checked W+X mappings: passed, no W+X pages found.
[    1.188517] x86/mm: Checking user space page tables
[    1.201259] x86/mm: Checked W+X mappings: passed, no W+X pages found.
Loading, please wait...
starting version 237
[    1.262785] e1000: Intel(R) PRO/1000 Network Driver - version 7.3.21-k8-NAPI
[    1.263959] e1000: Copyright (c) 1999-2006 Intel Corporation.
[    1.268799] Fusion MPT base driver 3.04.20
[    1.269498] Copyright (c) 1999-2008 LSI Corporation
[    1.272986] Fusion MPT SPI Host driver 3.04.20
[    1.285280] AVX2 version of gcm_enc/dec engaged.
[    1.286068] AES CTR mode by8 optimization enabled
[    1.473402] input: ImExPS/2 Generic Explorer Mouse as /devices/platform/i8042/serio1/input/input4
[    1.641785] e1000 0000:00:03.0 eth0: (PCI:33MHz:32-bit) 02:dd:70:87:b9:65
[    1.642926] e1000 0000:00:03.0 eth0: Intel(R) PRO/1000 Network Connection
[    1.644946] mptbase: ioc0: Initiating bringup
[    1.741185] ioc0: LSI53C1030 A0: Capabilities={Initiator}
[    1.994366] scsi host2: ioc0: LSI53C1030 A0, FwRev=00000000h, Ports=1, MaxQ=256, IRQ=20
[    2.168393] scsi 2:0:0:0: Direct-Access     VBOX     HARDDISK         1.0  PQ: 0 ANSI: 5
[    2.200039] scsi target2:0:0: Beginning Domain Validation
[    2.202853] scsi target2:0:0: Domain Validation skipping write tests
[    2.204267] scsi target2:0:0: Ending Domain Validation
[    2.214585] scsi target2:0:0: asynchronous
[    2.229325] scsi 2:0:1:0: Direct-Access     VBOX     HARDDISK         1.0  PQ: 0 ANSI: 5
[    2.429556] scsi target2:0:1: Beginning Domain Validation
[    2.432876] random: fast init done
[    2.433632] scsi target2:0:1: Domain Validation skipping write tests
[    2.434699] scsi target2:0:1: Ending Domain Validation
[    2.435729] scsi target2:0:1: asynchronous
[    2.439367] sd 2:0:0:0: [sda] 83886080 512-byte logical blocks: (42.9 GB/40.0 GiB)
[    2.440767] sd 2:0:0:0: Attached scsi generic sg0 type 0
[    2.442867] sd 2:0:0:0: [sda] Write Protect is off
[    2.443315] random: systemd-udevd: uninitialized urandom read (16 bytes read)
[    2.444860] random: systemd-udevd: uninitialized urandom read (16 bytes read)
[    2.444981] sd 2:0:0:0: [sda] Incomplete mode parameter data
[    2.445990] random: systemd-udevd: uninitialized urandom read (16 bytes read)
[    2.446892] sd 2:0:0:0: [sda] Assuming drive cache: write through
[    2.449238] sd 2:0:1:0: Attached scsi generic sg1 type 0
[    2.450583] sd 2:0:1:0: [sdb] 20480 512-byte logical blocks: (10.5 MB/10.0 MiB)
[    2.452004] sd 2:0:1:0: [sdb] Write Protect is off
[    2.453144] sd 2:0:1:0: [sdb] Incomplete mode parameter data
[    2.454185] sd 2:0:1:0: [sdb] Assuming drive cache: write through
[    2.455683]  sda: sda1
[    2.456763] sd 2:0:0:0: [sda] Attached SCSI disk
[    2.459800] sd 2:0:1:0: [sdb] Attached SCSI disk
[    2.552730] e1000 0000:00:08.0 eth1: (PCI:33MHz:32-bit) 08:00:27:d0:62:94
[    2.554117] e1000 0000:00:08.0 eth1: Intel(R) PRO/1000 Network Connection
[    2.557030] e1000 0000:00:08.0 enp0s8: renamed from eth1
[    2.580128] e1000 0000:00:03.0 enp0s3: renamed from eth0
Begin: Loading essential drivers ... [    4.136667] raid6: sse2x1   gen() 16421 MB/s
[    4.192250] raid6: sse2x1   xor() 11985 MB/s
[    4.247645] raid6: sse2x2   gen() 20527 MB/s
[    4.303162] raid6: sse2x2   xor() 13606 MB/s
[    4.348188] raid6: sse2x4   gen() 18163 MB/s
[    4.404014] raid6: sse2x4   xor() 13600 MB/s
[    4.455903] raid6: avx2x1   gen() 29576 MB/s
[    4.504006] raid6: avx2x1   xor() 19352 MB/s
[    4.552299] raid6: avx2x2   gen() 32529 MB/s
[    4.604231] raid6: avx2x2   xor() 23488 MB/s
[    4.656369] raid6: avx2x4   gen() 41060 MB/s
[    4.704218] raid6: avx2x4   xor() 22619 MB/s
[    4.705024] raid6: using algorithm avx2x4 gen() 41060 MB/s
[    4.705986] raid6: .... xor() 22619 MB/s, rmw enabled
[    4.706930] raid6: using avx2x2 recovery algorithm
[    4.708607] xor: automatically using best checksumming function   avx       
[    4.710440] async_tx: api initialized (async)
done.
Begin: Running /scripts/init-premount ... done.
Begin: Mounting root file system ... Begin: Running /scripts/local-top ... done.
Begin: Running /scripts/local-premount ... [    4.752746] Btrfs loaded, crc32c=crc32c-intel
Scanning for Btrfs filesystems
done.
Warning: fsck not present, so skipping root file system
[    4.781703] EXT4-fs (sda1): mounted filesystem with ordered data mode. Opts: (null)
done.
Begin: Running /scripts/local-bottom ... done.
Begin: Running /scripts/init-bottom ... done.
[    4.979220] ip_tables: (C) 2000-2006 Netfilter Core Team
[    4.988411] systemd[1]: systemd 237 running in system mode. (+PAM +AUDIT +SELINUX +IMA +APPARMOR +SMACK +SYSVINIT +UTMP +LIBCRYPTSETUP +GCRYPT +GNUTLS +ACL +XZ +LZ4 +SECCOMP +BLKID +ELFUTILS +KMOD -IDN2 +IDN -PCRE2 default-hierarchy=hybrid)
[    4.991804] systemd[1]: Detected virtualization oracle.
[    4.992745] systemd[1]: Detected architecture x86-64.

Welcome to [1mUbuntu 18.04.6 LTS[0m!

[    4.997632] systemd[1]: Set hostname to <ubuntu>.
[    5.001662] systemd[1]: Initializing machine ID from random generator.
[    5.002843] systemd[1]: Installed transient /etc/machine-id file.
[    5.302850] systemd[1]: Set up automount Arbitrary Executable File Formats File System Automount Point.
[[0;32m  OK  [0m] Set up automount Arbitrary Executab…rmats File System Automount Point.
[    5.305132] systemd[1]: Reached target User and Group Name Lookups.
[[0;32m  OK  [0m] Reached target User and Group Name Lookups.
[    5.306718] systemd[1]: Started Forward Password Requests to Wall Directory Watch.
[[0;32m  OK  [0m] Started Forward Password Requests to Wall Directory Watch.
[    5.309408] systemd[1]: Reached target System Time Synchronized.
[[0;32m  OK  [0m] Reached target System Time Synchronized.
[[0;32m  OK  [0m] Reached target Swap.
[[0;32m  OK  [0m] Created slice User and Session Slice.
[[0;32m  OK  [0m] Created slice System Slice.
[[0;32m  OK  [0m] Listening on fsck to fsckd communication Socket.
[[0;32m  OK  [0m] Listening on Journal Socket.
[[0;32m  OK  [0m] Listening on udev Kernel Socket.
[[0;32m  OK  [0m] Created slice system-serial\x2dgetty.slice.
         Mounting Kernel Debug File System...
         Starting Create list of required st…ce nodes for the current kernel...
[[0;32m  OK  [0m] Listening on Journal Audit Socket.
[[0;32m  OK  [0m] Listening on Device-mapper event daemon FIFOs.
[[0;32m  OK  [0m] Reached target Slices.
[[0;32m  OK  [0m] Listening on LVM2 metadata daemon socket.
         Starting File System Check on Root Device...
[[0;32m  OK  [0m] Listening on /dev/initctl Compatibility Named Pipe.
[[0;32m  OK  [0m] Listening on udev Control Socket.
         Starting udev Coldplug all Devices...
         Starting Monitoring of LVM2 mirrors…ng dmeventd or progress polling...
[[0;32m  OK  [0m] Listening on Network Service Netlink Socket.
         Mounting POSIX Message Queue File System...
         Mounting Huge Pages File System...
[[0;32m  OK  [0m] Listening on LVM2 poll daemon socket.
         Starting Set the console keyboard layout...
[[0;32m  OK  [0m] Listening on Syslog Socket.
[[0;32m  OK  [0m] Listening on Journal Socket (/dev/log).
         Starting Journal Service...
         Starting Load Kernel Modules...
         Starting Uncomplicated firewall...
[[0;32m  OK  [0m] Mounted Kernel Debug File System.
[[0;32m  OK  [0m] Started Create list of required sta…vice nodes for the current kernel.
[[0;32m  OK  [0m] Started File System Check on Root Device.
[[0;32m  OK  [0m] Mounted POSIX Message Queue File System.
[[0;32m  OK  [0m] Started Journal Service.
[[0;32m  OK  [0m] Mounted Huge Pages File System.
[[0;32m  OK  [0m] Started LVM2 metadata daemon.
[[0;32m  OK  [0m] Started File System Check Daemon to report status.
         Starting Remount Root and Kernel File Systems...
         Starting Create Static Device Nodes in /dev...
[[0;32m  OK  [0m] Started Uncomplicated firewall.
[[0;32m  OK  [0m] Started udev Coldplug all Devices.
[[0;32m  OK  [0m] Started Create Static Device Nodes in /dev.
[    5.556057] Loading iSCSI transport class v2.0-870.
[    5.562652] iscsi: registered transport (tcp)
[    5.579613] iscsi: registered transport (iser)
[[0;32m  OK  [0m] Started Load Kernel Modules.
         Starting Apply Kernel Variables...
         Mounting FUSE Control File System...
         Mounting Kernel Configuration File System...
[    5.591131] EXT4-fs (sda1): re-mounted. Opts: (null)
[[0;32m  OK  [0m] Mounted FUSE Control File System.
[[0;32m  OK  [0m] Mounted Kernel Configuration File System.
[[0;32m  OK  [0m] Started Remount Root and Kernel File Systems.
         Starting udev Kernel Device Manager...
         Starting Load/Save Random Seed...
         Starting Flush Journal to Persistent Storage...
[[0;32m  OK  [0m] Started Monitoring of LVM2 mirrors,…sing dmeventd or progress polling.
[[0;32m  OK  [0m] Started Apply Kernel Variables.
[[0;32m  OK  [0m] Started udev Kernel Device Manager.
[[0;32m  OK  [0m] Started Load/Save Random Seed.
[[0;32m  OK  [0m] Started Set the console keyboard layout.
[[0;32m  OK  [0m] Started Flush Journal to Persistent Storage.
[[0;32m  OK  [0m] Reached target Local File Systems (Pre).
[[0;32m  OK  [0m] Reached target Local File Systems.
         Starting Tell Plymouth To Write Out Runtime Data...
         Starting ebtables ruleset management...
         Starting Commit a transient machine-id on disk...
         Starting AppArmor initialization...
         Starting Create Volatile Files and Directories...
         Starting Set console font and keymap...
[[0;32m  OK  [0m] Started Dispatch Password Requests to Console Directory Watch.
[[0;32m  OK  [0m] Reached target Local Encrypted Volumes.
[[0;32m  OK  [0m] Started Tell Plymouth To Write Out Runtime Data.
[[0;32m  OK  [0m] Started Create Volatile Files and Directories.
         Starting Update UTMP about System Boot/Shutdown...
[[0;32m  OK  [0m] Started Set console font and keymap.
[[0;32m  OK  [0m] Started Update UTMP about System Boot/Shutdown.
[[0;32m  OK  [0m] Started Commit a transient machine-id on disk.
[[0;32m  OK  [0m] Started ebtables ruleset management.
[[0;32m  OK  [0m] Found device /dev/ttyS0.
[[0;32m  OK  [0m] Listening on Load/Save RF Kill Switch Status /dev/rfkill Watch.
[[0;32m  OK  [0m] Started AppArmor initialization.
         Starting Load AppArmor profiles managed internally by snapd...
         Starting Initial cloud-init job (pre-networking)...
[[0;32m  OK  [0m] Started Load AppArmor profiles managed internally by snapd.
[    8.500688] cloud-init[566]: Cloud-init v. 22.2-0ubuntu1~18.04.3 running 'init-local' at Sun, 21 Aug 2022 22:40:46 +0000. Up 8.10 seconds.
[[0;32m  OK  [0m] Started Initial cloud-init job (pre-networking).
[[0;32m  OK  [0m] Reached target Network (Pre).
         Starting Network Service...
[[0;32m  OK  [0m] Started Network Service.
         Starting Network Name Resolution...
         Starting Wait for Network to be Configured...
[[0;32m  OK  [0m] Started Network Name Resolution.
[[0;32m  OK  [0m] Reached target Host and Network Name Lookups.
[[0;32m  OK  [0m] Reached target Network.
[[0;32m  OK  [0m] Started Wait for Network to be Configured.
         Starting Initial cloud-init job (metadata service crawler)...
[   11.161314] cloud-init[699]: Cloud-init v. 22.2-0ubuntu1~18.04.3 running 'init' at Sun, 21 Aug 2022 22:40:49 +0000. Up 10.97 seconds.
[   11.162656] cloud-init[699]: ci-info: ++++++++++++++++++++++++++++++++++++++Net device info+++++++++++++++++++++++++++++++++++++++
[   11.163840] cloud-init[699]: ci-info: +--------+-------+----------------------------+---------------+--------+-------------------+
[   11.164830] cloud-init[699]: ci-info: | Device |   Up  |          Address           |      Mask     | Scope  |     Hw-Address    |
[   11.165847] cloud-init[699]: ci-info: +--------+-------+----------------------------+---------------+--------+-------------------+
[   11.166944] cloud-init[699]: ci-info: | enp0s3 |  True |         10.0.2.15          | 255.255.255.0 | global | 02:dd:70:87:b9:65 |
[   11.176273] cloud-init[699]: ci-info: | enp0s3 |  True | fe80::dd:70ff:fe87:b965/64 |       .       |  link  | 02:dd:70:87:b9:65 |
[   11.177397] cloud-init[699]: ci-info: | enp0s8 | False |             .              |       .       |   .    | 08:00:27:d0:62:94 |
[   11.178497] cloud-init[699]: ci-info: |   lo   |  True |         127.0.0.1          |   255.0.0.0   |  host  |         .         |
[   11.179716] cloud-init[699]: ci-info: |   lo   |  True |          ::1/128           |       .       |  host  |         .         |
[   11.181047] cloud-init[699]: ci-info: +--------+-------+----------------------------+---------------+--------+-------------------+
[   11.182170] cloud-init[699]: ci-info: ++++++++++++++++++++++++++++Route IPv4 info+++++++++++++++++++++++++++++
[   11.183040] cloud-init[699]: ci-info: +-------+-------------+----------+-----------------+-----------+-------+
[   11.184251] cloud-init[699]: ci-info: | Route | Destination | Gateway  |     Genmask     | Interface | Flags |
[   11.185367] cloud-init[699]: ci-info: +-------+-------------+----------+-----------------+-----------+-------+
[   11.196180] cloud-init[699]: ci-info: |   0   |   0.0.0.0   | 10.0.2.2 |     0.0.0.0     |   enp0s3  |   UG  |
[   11.197027] cloud-init[699]: ci-info: |   1   |   10.0.2.0  | 0.0.0.0  |  255.255.255.0  |   enp0s3  |   U   |
[   11.197911] cloud-init[699]: ci-info: |   2   |   10.0.2.2  | 0.0.0.0  | 255.255.255.255 |   enp0s3  |   UH  |
[   11.198942] cloud-init[699]: ci-info: +-------+-------------+----------+-----------------+-----------+-------+
[   11.200069] cloud-init[699]: ci-info: +++++++++++++++++++Route IPv6 info+++++++++++++++++++
[   11.200981] cloud-init[699]: ci-info: +-------+-------------+---------+-----------+-------+
[   11.201745] cloud-init[699]: ci-info: | Route | Destination | Gateway | Interface | Flags |
[   11.202634] cloud-init[699]: ci-info: +-------+-------------+---------+-----------+-------+
[   11.203620] cloud-init[699]: ci-info: |   1   |  fe80::/64  |    ::   |   enp0s3  |   U   |
[   11.204568] cloud-init[699]: ci-info: |   3   |    local    |    ::   |   enp0s3  |   U   |
[   11.205375] cloud-init[699]: ci-info: |   4   |   ff00::/8  |    ::   |   enp0s3  |   U   |
[   11.206359] cloud-init[699]: ci-info: +-------+-------------+---------+-----------+-------+
[   11.715949] cloud-init[699]: Generating public/private rsa key pair.
[   11.716566] cloud-init[699]: Your identification has been saved in /etc/ssh/ssh_host_rsa_key.
[   11.717516] cloud-init[699]: Your public key has been saved in /etc/ssh/ssh_host_rsa_key.pub.
[   11.718287] cloud-init[699]: The key fingerprint is:
[   11.718686] cloud-init[699]: SHA256:FGFeDiVxFRk0fLzDRpTI9Bf5DDii+ejyYEZGs8qcxwM root@ubuntu-bionic
[   11.728224] cloud-init[699]: The key's randomart image is:
[   11.744258] cloud-init[699]: +---[RSA 2048]----+
[   11.756291] cloud-init[699]: |        B++*BO.o.|
[   11.756811] cloud-init[699]: |       o B. Bo*..|
[   11.757551] cloud-init[699]: |      o oo.. =.+o|
[   11.758471] cloud-init[699]: |     . +o     =.o|
[   11.759240] cloud-init[699]: |    E + So   . . |
[   11.759657] cloud-init[699]: |   o B  . .      |
[[0;32m  OK  [0m] Started Initial cloud-init job (metadata service crawler).
[[0;32m  OK  [0m] Reached target System Initialization.
[   11.778849] cloud-init[699]: |    = B.         |
[   11.792759] cloud-init[699]: |     +.o.        |
[   11.792812] cloud-init[699]: |       o.        |
[   11.793173] cloud-init[699]: +----[SHA256]-----+
[   11.793516] cloud-init[699]: Generating public/private dsa key pair.
[   11.793853] cloud-init[699]: Your identification has been saved in /etc/ssh/ssh_host_dsa_key.
[   11.794203] cloud-init[699]: Your public key has been saved in /etc/ssh/ssh_host_dsa_key.pub.
[   11.794546] cloud-init[699]: The key fingerprint is:
[   11.794878] cloud-init[699]: SHA256:mT2ZNcMUAP0UqoVYbLGeAUjsCr55jUQPn99oTlzpz+Q root@ubuntu-bionic
[   11.795240] cloud-init[699]: The key's randomart image is:
[   11.795576] cloud-init[699]: +---[DSA 1024]----+
[   11.795917] cloud-init[699]: |   o....++..+o   |
[   11.796271] cloud-init[699]: |    o  +oo.+.    |
[   11.796612] cloud-init[699]: |   .  ..+ oo=    |
[   11.796946] cloud-init[699]: |.  o.  . O.+.o   |
[   11.797290] cloud-init[699]: |....+ . So=      |
[   11.797620] cloud-init[699]: | ... +. o  .     |
[   11.797959] cloud-init[699]: |  + o .oo. .     |
[   11.798304] cloud-init[699]: | o o ..+ .=      |
[   11.798637] cloud-init[699]: |  .   o.   E     |
[   11.798974] cloud-init[699]: +----[SHA256]-----+
[   11.799320] cloud-init[699]: Generating public/private ecdsa key pair.
[   11.799654] cloud-init[699]: Your identification has been saved in /etc/ssh/ssh_host_ecdsa_key.
[   11.799970] cloud-init[699]: Your public key has been saved in /etc/ssh/ssh_host_ecdsa_key.pub.
[   11.800343] cloud-init[699]: The key fingerprint is:
[   11.800668] cloud-init[699]: SHA256:kDlzFuIS8B/0bYieD99gC4KJ83ekzIVOL8iqgoMsJzQ root@ubuntu-bionic
[   11.801007] cloud-init[699]: The key's randomart image is:
[   11.801349] cloud-init[699]: +---[ECDSA 256]---+
[   11.801687] cloud-init[699]: |  ... o .        |
[   11.802023] cloud-init[699]: |   . + * +       |
[   11.802370] cloud-init[699]: |    o X = o      |
[   11.802704] cloud-init[699]: | . o = O .       |
[   11.803044] cloud-init[699]: |o o + O S        |
[   11.803384] cloud-init[699]: | E * * * +       |
[   11.803716] cloud-init[699]: |= = B o + .      |
[   11.804177] cloud-init[699]: |Bo.. o           |
[   11.804514] cloud-init[699]: |*+               |
[   11.804849] cloud-init[699]: +----[SHA256]-----+
[   11.805232] cloud-init[699]: Generating public/private ed25519 key pair.
[   11.805569] cloud-init[699]: Your identification has been saved in /etc/ssh/ssh_host_ed25519_key.
[   11.805910] cloud-init[699]: Your public key has been saved in /etc/ssh/ssh_host_ed25519_key.pub.
[   11.806295] cloud-init[699]: The key fingerprint is:
[   11.806656] cloud-init[699]: SHA256:A76iEfwmruSa+LFk3obJqk+PLS/cYZ0GuaHyIhjZo+Q root@ubuntu-bionic
[   11.807009] cloud-init[699]: The key's randomart image is:
[   11.807404] cloud-init[699]: +--[ED25519 256]--+
[   11.807748] cloud-init[699]: |                 |
[   11.808361] cloud-init[699]: |                 |
[   11.808693] cloud-init[699]: |     ..          |
[   11.809063] cloud-init[699]: | .  +. .         |
[   11.809433] cloud-init[699]: | oo. =..S        |
[   11.809762] cloud-init[699]: |+.+o+ +. .       |
[   11.810099] cloud-init[699]: |+OB*+o.          |
[   11.810491] cloud-init[699]: |OEO%o.           |
[   11.810852] cloud-init[699]: |@BO==            |
[   11.811215] cloud-init[699]: +----[SHA256]-----+
[[0;32m  OK  [0m] Listening on ACPID Listen Socket.
[[0;32m  OK  [0m] Started Message of the Day.
         Starting LXD - unix socket.
[[0;32m  OK  [0m] Listening on cloud-init hotplug hook socket.
[[0;32m  OK  [0m] Started Daily apt download activities.
[[0;32m  OK  [0m] Started Daily apt upgrade and clean activities.
[[0;32m  OK  [0m] Started Daily Cleanup of Temporary Directories.
[[0;32m  OK  [0m] Listening on D-Bus System Message Bus Socket.
[[0;32m  OK  [0m] Started Ubuntu Advantage Timer for running repeated jobs.
[[0;32m  OK  [0m] Started ACPI Events Check.
[[0;32m  OK  [0m] Reached target Paths.
         Starting Socket activation for snappy daemon.
[[0;32m  OK  [0m] Listening on Open-iSCSI iscsid Socket.
[[0;32m  OK  [0m] Listening on UUID daemon activation socket.
[[0;32m  OK  [0m] Started Discard unused blocks once a week.
[[0;32m  OK  [0m] Reached target Timers.
[[0;32m  OK  [0m] Reached target Network is Online.
[[0;32m  OK  [0m] Reached target Remote File Systems (Pre).
[[0;32m  OK  [0m] Reached target Remote File Systems.
         Starting Availability of block devices...
[[0;32m  OK  [0m] Reached target Cloud-config availability.
[[0;32m  OK  [0m] Listening on LXD - unix socket.
[[0;32m  OK  [0m] Listening on Socket activation for snappy daemon.
[[0;32m  OK  [0m] Reached target Sockets.
[[0;32m  OK  [0m] Reached target Basic System.
         Starting System Logging Service...
         Starting Virtualbox guest utils...
         Starting LSB: automatic crash report generation...
[[0;32m  OK  [0m] Started Deferred execution scheduler.
[[0;32m  OK  [0m] Started FUSE filesystem for LXC.
[[0;32m  OK  [0m] Started irqbalance daemon.
         Starting Pollinate to seed the pseudo random number generator...
[[0;32m  OK  [0m] Started Regular background program processing daemon.
         Starting Accounts Service...
         Starting LSB: Record successful boot for GRUB...
         Starting Permit User Sessions...
         Starting Dispatcher daemon for systemd-networkd...
         Starting Login Service...
         Starting Snap Daemon...
[[0;32m  OK  [0m] Started D-Bus System Message Bus.
[[0;32m  OK  [0m] Started Login Service.
[[0;32m  OK  [0m] Started Unattended Upgrades Shutdown.
         Starting LXD - container startup/shutdown...
[[0;32m  OK  [0m] Started System Logging Service.
[[0;32m  OK  [0m] Started Availability of block devices.
[[0;32m  OK  [0m] Started Permit User Sessions.
         Starting Authorization Manager...
         Starting Hold until boot process finishes up...
         Starting Terminate Plymouth Boot Screen...
[[0;32m  OK  [0m] Started Hold until boot process finishes up.
[[0;32m  OK  [0m] Started Serial Getty on ttyS0.
         Starting Set console scheme...
[[0;32m  OK  [0m] Started Terminate Plymouth Boot Screen.
[[0;32m  OK  [0m] Started LSB: automatic crash report generation.
[[0;32m  OK  [0m] Started LSB: Record successful boot for GRUB.
[[0;32m  OK  [0m] Started Set console scheme.
[[0;32m  OK  [0m] Created slice system-getty.slice.
[[0;32m  OK  [0m] Started Getty on tty1.
[[0;32m  OK  [0m] Reached target Login Prompts.
[[0;32m  OK  [0m] Started Virtualbox guest utils.
[[0;32m  OK  [0m] Started Authorization Manager.
[[0;32m  OK  [0m] Started Accounts Service.
[[0;32m  OK  [0m] Started LXD - container startup/shutdown.
[[0;32m  OK  [0m] Started Dispatcher daemon for systemd-networkd.
[[0;32m  OK  [0m] Started Snap Daemon.
         Starting Wait until snapd is fully seeded...
         Starting Time & Date Service...
[[0;32m  OK  [0m] Started Time & Date Service.
[[0;32m  OK  [0m] Started Pollinate to seed the pseudo random number generator.
         Starting OpenBSD Secure Shell server...
[[0;32m  OK  [0m] Started OpenBSD Secure Shell server.
[[0;32m  OK  [0m] Created slice User Slice of vagrant.
         Starting User Manager for UID 1000...
[[0;32m  OK  [0m] Started Session 1 of user vagrant.
[[0;32m  OK  [0m] Started User Manager for UID 1000.
[[0;32m  OK  [0m] Started Wait until snapd is fully seeded.
         Starting Apply the settings specified in cloud-config...
[   17.516287] cloud-init[1369]: Cloud-init v. 22.2-0ubuntu1~18.04.3 running 'modules:config' at Sun, 21 Aug 2022 22:40:55 +0000. Up 16.20 seconds.
ci-info: no authorized SSH keys fingerprints found for user ubuntu.
<14>Aug 21 22:40:57 cloud-init: #############################################################
<14>Aug 21 22:40:57 cloud-init: -----BEGIN SSH HOST KEY FINGERPRINTS-----
<14>Aug 21 22:40:57 cloud-init: 1024 SHA256:mT2ZNcMUAP0UqoVYbLGeAUjsCr55jUQPn99oTlzpz+Q root@ubuntu-bionic (DSA)
<14>Aug 21 22:40:57 cloud-init: 256 SHA256:kDlzFuIS8B/0bYieD99gC4KJ83ekzIVOL8iqgoMsJzQ root@ubuntu-bionic (ECDSA)
<14>Aug 21 22:40:57 cloud-init: 256 SHA256:A76iEfwmruSa+LFk3obJqk+PLS/cYZ0GuaHyIhjZo+Q root@ubuntu-bionic (ED25519)
<14>Aug 21 22:40:57 cloud-init: 2048 SHA256:FGFeDiVxFRk0fLzDRpTI9Bf5DDii+ejyYEZGs8qcxwM root@ubuntu-bionic (RSA)
<14>Aug 21 22:40:57 cloud-init: -----END SSH HOST KEY FINGERPRINTS-----
<14>Aug 21 22:40:57 cloud-init: #############################################################
-----BEGIN SSH HOST KEY KEYS-----
ecdsa-sha2-nistp256 AAAAE2VjZHNhLXNoYTItbmlzdHAyNTYAAAAIbmlzdHAyNTYAAABBBGhMmuqNfccjWYznOcWNHYSnssXuHKdJOPRIKSPny6xeXm/XUr1467lgVMbzG6pAxJwS/n5o6tEtDVKxB3ffHAE= root@ubuntu-bionic
ssh-ed25519 AAAAC3NzaC1lZDI1NTE5AAAAIKkUonAmWvs95sNOb/YCS6gnYj4iU9/Br2KrQo2VvB5w root@ubuntu-bionic
ssh-rsa AAAAB3NzaC1yc2EAAAADAQABAAABAQC0lZDN3IthxCeXmnmcuXWBMMPufATYe5Hwt6gKrcnWbGwzZaF6lKqeoAI//4lntV8YS7VleSWVa5WMrFFqdRo6BkJ7t31RpxNdtkvR9vDCN2qO3yV0sskWRfOxocLw9GraZQLCuDYUNMFZfk3sq/mWh7nmyz1wyY35S1/lIJ3QQf+a/SLTTPcoB+2Ws6RbT5eB+SHm9qI65VpBd3sWuyk5fi+nRGRgYJS0llYL5KavmvOuLvxm0oNtYj14XhEAiGZVzJ9v6n4T9o6IlhkiIG4bVjWfae7NQsx3wDcbddE7SoVs/OAhDoX1jGZMAEUHX1ja7RPEPkf+eISMTYGxrn+j root@ubuntu-bionic
-----END SSH HOST KEY KEYS-----
[   18.275131] cloud-init[1507]: Cloud-init v. 22.2-0ubuntu1~18.04.3 running 'modules:final' at Sun, 21 Aug 2022 22:40:56 +0000. Up 18.07 seconds.
[   18.275272] cloud-init[1507]: Cloud-init v. 22.2-0ubuntu1~18.04.3 finished at Sun, 21 Aug 2022 22:40:57 +0000. Datasource DataSourceNoCloud [seed=/dev/sdb][dsmode=net].  Up 18.26 seconds

Ubuntu 18.04.6 LTS ubuntu-bionic ttyS0

ubuntu-bionic login: 